0 info it worked if it ends with ok
1 verbose cli [ '/Users/tomassavigliano/.nvm/versions/node/v4.4.6/bin/node',
1 verbose cli   '/Users/tomassavigliano/.nvm/versions/node/v4.4.6/bin/npm',
1 verbose cli   'version',
1 verbose cli   'patch' ]
2 info using npm@3.10.6
3 info using node@v4.4.6
4 info git [ 'status', '--porcelain' ]
5 verbose stack Error: Git working directory not clean.
5 verbose stack M index.js
5 verbose stack     at /Users/tomassavigliano/.nvm/versions/node/v4.4.6/lib/node_modules/npm/lib/version.js:247:19
5 verbose stack     at /Users/tomassavigliano/.nvm/versions/node/v4.4.6/lib/node_modules/npm/lib/utils/no-progress-while-running.js:21:8
5 verbose stack     at ChildProcess.exithandler (child_process.js:204:7)
5 verbose stack     at emitTwo (events.js:87:13)
5 verbose stack     at ChildProcess.emit (events.js:172:7)
5 verbose stack     at maybeClose (internal/child_process.js:827:16)
5 verbose stack     at Socket.<anonymous> (internal/child_process.js:319:11)
5 verbose stack     at emitOne (events.js:77:13)
5 verbose stack     at Socket.emit (events.js:169:7)
5 verbose stack     at Pipe._onclose (net.js:477:12)
6 verbose cwd /Users/tomassavigliano/Projects/deferrari
7 error Darwin 15.0.0
8 error argv "/Users/tomassavigliano/.nvm/versions/node/v4.4.6/bin/node" "/Users/tomassavigliano/.nvm/versions/node/v4.4.6/bin/npm" "version" "patch"
9 error node v4.4.6
10 error npm  v3.10.6
11 error Git working directory not clean.
11 error M index.js
12 error If you need help, you may report this error at:
12 error     <https://github.com/npm/npm/issues>
13 verbose exit [ 1, true ]
